<?xml version="1.0" encoding="UTF-8"?>
<!-- Generated by org.testng.reporters.JUnitReportReporter -->
<testsuite skipped="0" hostname="DESKTOP-65RRAID" name="test.LoginTest" tests="1" failures="0" timestamp="2021-03-15T17:30:49 EDT" time="25.117" errors="0">
  <testcase name="usershouldbaletologin" time="25.117" classname="test.LoginTest"/>
  <system-out/>
</testsuite> <!-- test.LoginTest -->
